<?xml version="1.0" encoding="UTF-8" ?>
<testsuite tests="38" failures="0" name="runner.TestRunner" time="0.03" errors="0" skipped="0">
  <properties>
[...]
</properties>
  <testcase classname="| Sri | remote | windows | Command Line | 5 | Used windows with cmd line |" name="Given Launch the Application" time="0.026"/>
  <testcase classname="| Sri | remote | windows | Command Line | 5 | Used windows with cmd line |" name="Then Title of the page  is displayed as Example" time="0"/>
  <testcase classname="| Sri | remote | windows | Command Line | 5 | Used windows with cmd line |" name="When User enters the name as &quot;Sri&quot;" time="0"/>
  <testcase classname="| Sri | remote | windows | Command Line | 5 | Used windows with cmd line |" name="And selects inputs as &quot;remote&quot;,&quot;windows&quot;,&quot;Command Line&quot;" time="0"/>
  <testcase classname="| Sri | remote | windows | Command Line | 5 | Used windows with cmd line |" name="And selects tried Testcafe,&quot;5&quot; ,enter comments as &quot;Used windows with cmd line&quot;and submit" time="0"/>
  <testcase classname="| Sri | remote | windows | Command Line | 5 | Used windows with cmd line |" name="Then Thankyou page is  displayed with text  &quot;Thank you, Sri!&quot;" time="0"/>
  <testcase classname="| Sri | remote | windows | Command Line | 5 | Used windows with cmd line |" name="| Sri | remote | windows | Command Line | 5 | Used windows with cmd line |" time="0.001"/>
  <testcase classname="| lakshmi | re-using | macos | JavaScript API | 6 | Used mac with api |" name="Given Launch the Application" time="0"/>
  <testcase classname="| lakshmi | re-using | macos | JavaScript API | 6 | Used mac with api |" name="Then Title of the page  is displayed as Example" time="0"/>
  <testcase classname="| lakshmi | re-using | macos | JavaScript API | 6 | Used mac with api |" name="When User enters the name as &quot;lakshmi&quot;" time="0"/>
  <testcase classname="| lakshmi | re-using | macos | JavaScript API | 6 | Used mac with api |" name="And selects inputs as &quot;re-using&quot;,&quot;macos&quot;,&quot;JavaScript API&quot;" time="0.001"/>
  <testcase classname="| lakshmi | re-using | macos | JavaScript API | 6 | Used mac with api |" name="And selects tried Testcafe,&quot;6&quot; ,enter comments as &quot;Used mac with api&quot;and submit" time="0"/>
  <testcase classname="| lakshmi | re-using | macos | JavaScript API | 6 | Used mac with api |" name="Then Thankyou page is  displayed with text  &quot;Thank you, lakshmi!&quot;" time="0"/>
  <testcase classname="| lakshmi | re-using | macos | JavaScript API | 6 | Used mac with api |" name="| lakshmi | re-using | macos | JavaScript API | 6 | Used mac with api |" time="0"/>
  <testcase classname="| koppolu | background | linux | Both | 8 | Used linux |" name="Given Launch the Application" time="0"/>
  <testcase classname="| koppolu | background | linux | Both | 8 | Used linux |" name="Then Title of the page  is displayed as Example" time="0"/>
  <testcase classname="| koppolu | background | linux | Both | 8 | Used linux |" name="When User enters the name as &quot;koppolu&quot;" time="0"/>
  <testcase classname="| koppolu | background | linux | Both | 8 | Used linux |" name="And selects inputs as &quot;background&quot;,&quot;linux&quot;,&quot;Both&quot;" time="0"/>
  <testcase classname="| koppolu | background | linux | Both | 8 | Used linux |" name="And selects tried Testcafe,&quot;8&quot; ,enter comments as &quot;Used linux&quot;and submit" time="0"/>
  <testcase classname="| koppolu | background | linux | Both | 8 | Used linux |" name="Then Thankyou page is  displayed with text  &quot;Thank you, koppolu!&quot;" time="0"/>
  <testcase classname="| koppolu | background | linux | Both | 8 | Used linux |" name="| koppolu | background | linux | Both | 8 | Used linux |" time="0.001"/>
  <testcase classname="| Sri | remote | windows | Command Line |" name="Given Launch the Application" time="0"/>
  <testcase classname="| Sri | remote | windows | Command Line |" name="When User enters the name as &quot;Sri&quot;" time="0"/>
  <testcase classname="| Sri | remote | windows | Command Line |" name="And selects inputs as &quot;remote&quot;,&quot;windows&quot;,&quot;Command Line&quot;" time="0"/>
  <testcase classname="| Sri | remote | windows | Command Line |" name="And Don&apos;t select tried Testcafe and submit" time="0"/>
  <testcase classname="| Sri | remote | windows | Command Line |" name="Then Thankyou page is  displayed with text  &quot;Thank you, Sri!&quot;" time="0"/>
  <testcase classname="| Sri | remote | windows | Command Line |" name="| Sri | remote | windows | Command Line |" time="0"/>
  <testcase classname="| Sri | remote | windows | Command Line |" name="Given Launch the Application" time="0"/>
  <testcase classname="| Sri | remote | windows | Command Line |" name="When User enters the name as &quot;Sri&quot;" time="0"/>
  <testcase classname="| Sri | remote | windows | Command Line |" name="And selects inputs as &quot;remote&quot;,&quot;windows&quot;,&quot;Command Line&quot;" time="0"/>
  <testcase classname="| Sri | remote | windows | Command Line |" name="And tried Testcafe checkbox is not selected" time="0"/>
  <testcase classname="| Sri | remote | windows | Command Line |" name="Then Ratingslider and Comments are not enabled" time="0"/>
  <testcase classname="| Sri | remote | windows | Command Line |" name="| Sri | remote | windows | Command Line |" time="0"/>
  <testcase classname="| Sri |" name="Given Launch the Application" time="0"/>
  <testcase classname="| Sri |" name="When User enters the name as &quot;Sri&quot;" time="0"/>
  <testcase classname="| Sri |" name="And click on populate" time="0"/>
  <testcase classname="| Sri |" name="Then Reset Information Popup is displayed" time="0"/>
  <testcase classname="| Sri |" name="| Sri |" time="0.001"/>
</testsuite>